[debug] [2026-06-14T18:04:21.448Z] ----------------------------------------------------------------------
[debug] [2026-06-14T18:04:21.450Z] Command:       C:\Program Files\nodejs\node.exe C:\Users\My PC\AppData\Roaming\npm\node_modules\firebase-tools\lib\bin\firebase.js deploy
[debug] [2026-06-14T18:04:21.450Z] CLI Version:   15.19.0
[debug] [2026-06-14T18:04:21.450Z] Platform:      win32
[debug] [2026-06-14T18:04:21.451Z] Node Version:  v22.14.0
[debug] [2026-06-14T18:04:21.451Z] Time:          Mon Jun 15 2026 02:04:21 GMT+0800 (Singapore Standard Time)
[debug] [2026-06-14T18:04:21.451Z] ----------------------------------------------------------------------
[debug] 
[debug] [2026-06-14T18:04:22.604Z] > command requires scopes: ["email","openid","https://www.googleapis.com/auth/cloudplatformprojects.readonly","https://www.googleapis.com/auth/firebase","https://www.googleapis.com/auth/cloud-platform"]
[debug] [2026-06-14T18:04:22.604Z] > authorizing via signed-in user (oweeboipenaranda@gmail.com)
[debug] [2026-06-14T18:04:22.605Z] [iam] checking project mms-open-climbs for permissions ["cloudfunctions.functions.create","cloudfunctions.functions.delete","cloudfunctions.functions.get","cloudfunctions.functions.list","cloudfunctions.functions.update","cloudfunctions.operations.get","datastore.indexes.create","datastore.indexes.delete","datastore.indexes.list","datastore.indexes.update","firebase.projects.get","firebasehosting.sites.update","firebaserules.releases.create","firebaserules.releases.update","firebaserules.rulesets.create"]
[debug] [2026-06-14T18:04:22.605Z] Checked if tokens are valid: true, expires at: 1781462392104
[debug] [2026-06-14T18:04:22.605Z] Checked if tokens are valid: true, expires at: 1781462392104
[debug] [2026-06-14T18:04:22.606Z] >>> [apiv2][query] POST https://cloudresourcemanager.googleapis.com/v1/projects/mms-open-climbs:testIamPermissions [none]
[debug] [2026-06-14T18:04:22.606Z] >>> [apiv2][(partial)header] POST https://cloudresourcemanager.googleapis.com/v1/projects/mms-open-climbs:testIamPermissions  x-goog-user-project=mms-open-climbs
[debug] [2026-06-14T18:04:22.606Z] >>> [apiv2][body] POST https://cloudresourcemanager.googleapis.com/v1/projects/mms-open-climbs:testIamPermissions {"permissions":["cloudfunctions.functions.create","cloudfunctions.functions.delete","cloudfunctions.functions.get","cloudfunctions.functions.list","cloudfunctions.functions.update","cloudfunctions.operations.get","datastore.indexes.create","datastore.indexes.delete","datastore.indexes.list","datastore.indexes.update","firebase.projects.get","firebasehosting.sites.update","firebaserules.releases.create","firebaserules.releases.update","firebaserules.rulesets.create"]}
[debug] [2026-06-14T18:04:22.875Z] <<< [apiv2][status] POST https://cloudresourcemanager.googleapis.com/v1/projects/mms-open-climbs:testIamPermissions 200
[debug] [2026-06-14T18:04:22.875Z] <<< [apiv2][body] POST https://cloudresourcemanager.googleapis.com/v1/projects/mms-open-climbs:testIamPermissions {"permissions":["cloudfunctions.functions.create","cloudfunctions.functions.delete","cloudfunctions.functions.get","cloudfunctions.functions.list","cloudfunctions.functions.update","cloudfunctions.operations.get","datastore.indexes.create","datastore.indexes.delete","datastore.indexes.list","datastore.indexes.update","firebase.projects.get","firebasehosting.sites.update","firebaserules.releases.create","firebaserules.releases.update","firebaserules.rulesets.create"]}
[debug] [2026-06-14T18:04:22.875Z] Checked if tokens are valid: true, expires at: 1781462392104
[debug] [2026-06-14T18:04:22.875Z] Checked if tokens are valid: true, expires at: 1781462392104
[debug] [2026-06-14T18:04:22.875Z] >>> [apiv2][query] POST https://iam.googleapis.com/v1/projects/mms-open-climbs/serviceAccounts/mms-open-climbs@appspot.gserviceaccount.com:testIamPermissions [none]
[debug] [2026-06-14T18:04:22.875Z] >>> [apiv2][body] POST https://iam.googleapis.com/v1/projects/mms-open-climbs/serviceAccounts/mms-open-climbs@appspot.gserviceaccount.com:testIamPermissions {"permissions":["iam.serviceAccounts.actAs"]}
[debug] [2026-06-14T18:04:24.031Z] <<< [apiv2][status] POST https://iam.googleapis.com/v1/projects/mms-open-climbs/serviceAccounts/mms-open-climbs@appspot.gserviceaccount.com:testIamPermissions 200
[debug] [2026-06-14T18:04:24.031Z] <<< [apiv2][body] POST https://iam.googleapis.com/v1/projects/mms-open-climbs/serviceAccounts/mms-open-climbs@appspot.gserviceaccount.com:testIamPermissions {"permissions":["iam.serviceAccounts.actAs"]}
[debug] [2026-06-14T18:04:24.032Z] Checked if tokens are valid: true, expires at: 1781462392104
[debug] [2026-06-14T18:04:24.032Z] Checked if tokens are valid: true, expires at: 1781462392104
[debug] [2026-06-14T18:04:24.032Z] >>> [apiv2][query] GET https://firebase.googleapis.com/v1beta1/projects/mms-open-climbs [none]
[debug] [2026-06-14T18:04:24.373Z] <<< [apiv2][status] GET https://firebase.googleapis.com/v1beta1/projects/mms-open-climbs 200
[debug] [2026-06-14T18:04:24.373Z] <<< [apiv2][body] GET https://firebase.googleapis.com/v1beta1/projects/mms-open-climbs {"projectId":"mms-open-climbs","projectNumber":"819276060182","displayName":"mms-open-climbs","name":"projects/mms-open-climbs","resources":{"hostingSite":"mms-open-climbs"},"state":"ACTIVE","etag":"1_8956c583-1cac-4753-8df9-bf101eb242cf"}
[info] 
[info] === Deploying to 'mms-open-climbs'...
[info] 
[info] i  deploying storage, firestore, functions, hosting 
[info] i  storage: ensuring required API firebasestorage.googleapis.com is enabled... 
[debug] [2026-06-14T18:04:24.378Z] Checked if tokens are valid: true, expires at: 1781462392104
[debug] [2026-06-14T18:04:24.378Z] Checked if tokens are valid: true, expires at: 1781462392104
[debug] [2026-06-14T18:04:24.378Z] >>> [apiv2][query] GET https://firebasestorage.googleapis.com/v1alpha/projects/mms-open-climbs/defaultBucket [none]
[debug] [2026-06-14T18:04:25.384Z] <<< [apiv2][status] GET https://firebasestorage.googleapis.com/v1alpha/projects/mms-open-climbs/defaultBucket 200
[debug] [2026-06-14T18:04:25.384Z] <<< [apiv2][body] GET https://firebasestorage.googleapis.com/v1alpha/projects/mms-open-climbs/defaultBucket {"name":"projects/mms-open-climbs/defaultBucket","location":"US-EAST1","bucket":{"name":"projects/mms-open-climbs/buckets/mms-open-climbs.firebasestorage.app"},"storageClass":"REGIONAL"}
[info] i  firebase.storage: checking storage.rules for compilation errors... 
[debug] [2026-06-14T18:04:25.385Z] Checked if tokens are valid: true, expires at: 1781462392104
[debug] [2026-06-14T18:04:25.385Z] Checked if tokens are valid: true, expires at: 1781462392104
[debug] [2026-06-14T18:04:25.385Z] >>> [apiv2][query] POST https://firebaserules.googleapis.com/v1/projects/mms-open-climbs:test [none]
[debug] [2026-06-14T18:04:25.385Z] >>> [apiv2][body] POST https://firebaserules.googleapis.com/v1/projects/mms-open-climbs:test [omitted]
[debug] [2026-06-14T18:04:26.669Z] <<< [apiv2][status] POST https://firebaserules.googleapis.com/v1/projects/mms-open-climbs:test 200
[debug] [2026-06-14T18:04:26.669Z] <<< [apiv2][body] POST https://firebaserules.googleapis.com/v1/projects/mms-open-climbs:test {}
[info] +  firebase.storage: rules file storage.rules compiled successfully 
[info] i  firestore: ensuring required API firestore.googleapis.com is enabled... 
[info] i  firestore: ensuring required API firestore.googleapis.com is enabled... 
[debug] [2026-06-14T18:04:26.670Z] Checked if tokens are valid: true, expires at: 1781462392104
[debug] [2026-06-14T18:04:26.670Z] Checked if tokens are valid: true, expires at: 1781462392104
[debug] [2026-06-14T18:04:26.670Z] >>> [apiv2][query] GET https://firestore.googleapis.com/v1/projects/mms-open-climbs/databases/openclimbs [none]
[debug] [2026-06-14T18:04:26.997Z] <<< [apiv2][status] GET https://firestore.googleapis.com/v1/projects/mms-open-climbs/databases/openclimbs 200
[debug] [2026-06-14T18:04:26.997Z] <<< [apiv2][body] GET https://firestore.googleapis.com/v1/projects/mms-open-climbs/databases/openclimbs {"name":"projects/mms-open-climbs/databases/openclimbs","uid":"7cc6f2f6-af9b-4bc3-a56d-92b1eb592afb","createTime":"2026-05-31T19:25:34.004544Z","updateTime":"2026-05-31T19:25:34.004544Z","locationId":"asia-southeast1","type":"FIRESTORE_NATIVE","concurrencyMode":"PESSIMISTIC","versionRetentionPeriod":"3600s","earliestVersionTime":"2026-06-14T17:04:30.441957Z","appEngineIntegrationMode":"DISABLED","pointInTimeRecoveryEnablement":"POINT_IN_TIME_RECOVERY_DISABLED","deleteProtectionState":"DELETE_PROTECTION_DISABLED","databaseEdition":"STANDARD","freeTier":true,"realtimeUpdatesMode":"REALTIME_UPDATES_MODE_ENABLED","etag":"IJHG59Soh5UDMM2B8sOs5JQD"}
[info] i  firestore: reading indexes from firestore.indexes.json... 
[info] i  cloud.firestore: checking firestore.rules for compilation errors... 
[debug] [2026-06-14T18:04:26.998Z] Checked if tokens are valid: true, expires at: 1781462392104
[debug] [2026-06-14T18:04:26.998Z] Checked if tokens are valid: true, expires at: 1781462392104
[debug] [2026-06-14T18:04:26.998Z] >>> [apiv2][query] POST https://firebaserules.googleapis.com/v1/projects/mms-open-climbs:test [none]
[debug] [2026-06-14T18:04:26.999Z] >>> [apiv2][body] POST https://firebaserules.googleapis.com/v1/projects/mms-open-climbs:test [omitted]
